mobile_app/android/app/build/intermediates/manifest_merge_blame_file/debug/manifest-merger-blame-debug-report.txt
1<?xml version="1.0" encoding="utf-8"?>
2<manifest xmlns:android="http://schemas.android.com/apk/res/android"
3    package="com.sennenpropertymanagement"
4    android:versionCode="24"
5    android:versionName="1.0.23" >
6
7    <uses-sdk
8        android:minSdkVersion="21"
9        android:targetSdkVersion="30" />
10
11    <uses-permission android:name="android.permission.SYSTEM_ALERT_WINDOW" />
11-->src/debug/AndroidManifest.xml:5:5-77
11-->src/debug/AndroidManifest.xml:5:22-75
12    <uses-permission android:name="android.permission.INTERNET" />
12-->src/main/AndroidManifest.xml:3:3-65
12-->src/main/AndroidManifest.xml:3:20-62
13    <uses-permission android:name="android.permission.CAMERA" />
13-->src/main/AndroidManifest.xml:4:3-63
13-->src/main/AndroidManifest.xml:4:20-60
14    <uses-permission android:name="android.permission.WRITE_EXTERNAL_STORAGE" />
14-->src/main/AndroidManifest.xml:5:3-79
14-->src/main/AndroidManifest.xml:5:20-76
15    <uses-permission android:name="android.permission.ACCESS_NETWORK_STATE" />
15-->src/main/AndroidManifest.xml:6:3-77
15-->src/main/AndroidManifest.xml:6:20-74
16    <uses-permission android:name="android.permission.WAKE_LOCK" />
16-->src/main/AndroidManifest.xml:7:3-66
16-->src/main/AndroidManifest.xml:7:20-63
17
18    <queries>
18-->src/main/AndroidManifest.xml:9:3-14:13
19        <intent>
19-->src/main/AndroidManifest.xml:10:5-13:14
20            <action android:name="android.intent.action.VIEW" />
20-->src/main/AndroidManifest.xml:11:7-59
20-->src/main/AndroidManifest.xml:11:15-56
21
22            <data android:scheme="https" />
22-->src/main/AndroidManifest.xml:12:7-37
22-->src/main/AndroidManifest.xml:12:13-35
23        </intent>
24    </queries>
25
26    <uses-permission android:name="android.permission.ACCESS_WIFI_STATE" />
26-->[com.facebook.flipper:flipper:0.75.1] AndroidManifest.xml:16:5-76
26-->[com.facebook.flipper:flipper:0.75.1] AndroidManifest.xml:16:22-73
27
28    <application
28-->src/main/AndroidManifest.xml:16:3-23:17
29        android:name="com.sennenpropertymanagement.MainApplication"
29-->src/main/AndroidManifest.xml:16:16-47
30        android:allowBackup="false"
30-->src/main/AndroidManifest.xml:16:116-143
31        android:appComponentFactory="androidx.core.app.CoreComponentFactory"
31-->[androidx.core:core:1.3.2] AndroidManifest.xml:24:18-86
32        android:debuggable="true"
33        android:icon="@mipmap/ic_launcher"
33-->src/main/AndroidManifest.xml:16:81-115
34        android:label="@string/app_name"
34-->src/main/AndroidManifest.xml:16:48-80
35        android:launchMode="singleTop"
35-->src/main/AndroidManifest.xml:16:215-245
36        android:testOnly="true"
37        android:theme="@style/SplashTheme"
37-->src/main/AndroidManifest.xml:16:144-178
38        android:usesCleartextTraffic="true" >
38-->src/main/AndroidManifest.xml:16:179-214
39        <activity android:name="com.facebook.react.devsupport.DevSettingsActivity" />
39-->src/debug/AndroidManifest.xml:20:9-86
39-->src/debug/AndroidManifest.xml:20:19-83
40        <activity
40-->src/main/AndroidManifest.xml:17:5-22:16
41            android:name="com.sennenpropertymanagement.MainActivity"
41-->src/main/AndroidManifest.xml:17:15-43
42            android:configChanges="keyboard|keyboardHidden|orientation|screenSize|uiMode"
42-->src/main/AndroidManifest.xml:17:77-154
43            android:label="@string/app_name"
43-->src/main/AndroidManifest.xml:17:44-76
44            android:launchMode="singleTask"
44-->src/main/AndroidManifest.xml:17:155-186
45            android:windowSoftInputMode="adjustResize" >
45-->src/main/AndroidManifest.xml:17:187-229
46            <intent-filter>
46-->src/main/AndroidManifest.xml:18:7-21:23
47                <action android:name="android.intent.action.MAIN" />
47-->src/main/AndroidManifest.xml:19:9-61
47-->src/main/AndroidManifest.xml:19:17-58
48
49                <category android:name="android.intent.category.LAUNCHER" />
49-->src/main/AndroidManifest.xml:20:9-69
49-->src/main/AndroidManifest.xml:20:19-66
50            </intent-filter>
51        </activity>
52
53        <provider
53-->[:react-native-image-picker] AndroidManifest.xml:12:9-20:20
54            android:name="com.imagepicker.ImagePickerProvider"
54-->[:react-native-image-picker] AndroidManifest.xml:13:13-63
55            android:authorities="com.sennenpropertymanagement.imagepickerprovider"
55-->[:react-native-image-picker] AndroidManifest.xml:14:13-71
56            android:exported="false"
56-->[:react-native-image-picker] AndroidManifest.xml:15:13-37
57            android:grantUriPermissions="true" >
57-->[:react-native-image-picker] AndroidManifest.xml:16:13-47
58            <meta-data
58-->[:react-native-image-picker] AndroidManifest.xml:17:13-19:70
59                android:name="android.support.FILE_PROVIDER_PATHS"
59-->[:react-native-image-picker] AndroidManifest.xml:18:17-67
60                android:resource="@xml/imagepicker_provider_paths" />
60-->[:react-native-image-picker] AndroidManifest.xml:19:17-67
61        </provider>
62        <provider
62-->[:react-native-webview] AndroidManifest.xml:12:9-20:20
63            android:name="com.reactnativecommunity.webview.RNCWebViewFileProvider"
63-->[:react-native-webview] AndroidManifest.xml:13:13-83
64            android:authorities="com.sennenpropertymanagement.fileprovider"
64-->[:react-native-webview] AndroidManifest.xml:14:13-64
65            android:exported="false"
65-->[:react-native-webview] AndroidManifest.xml:15:13-37
66            android:grantUriPermissions="true" >
66-->[:react-native-webview] AndroidManifest.xml:16:13-47
67            <meta-data
67-->[:react-native-image-picker] AndroidManifest.xml:17:13-19:70
68                android:name="android.support.FILE_PROVIDER_PATHS"
68-->[:react-native-image-picker] AndroidManifest.xml:18:17-67
69                android:resource="@xml/file_provider_paths" />
69-->[:react-native-image-picker] AndroidManifest.xml:19:17-67
70        </provider>
71
72        <uses-library
72-->[com.bugsnag:bugsnag-android-core:4.22.3] AndroidManifest.xml:12:9-14:40
73            android:name="android.test.runner"
73-->[com.bugsnag:bugsnag-android-core:4.22.3] AndroidManifest.xml:13:13-47
74            android:required="false" />
74-->[com.bugsnag:bugsnag-android-core:4.22.3] AndroidManifest.xml:14:13-37
75    </application>
76
77</manifest>